2025-10-04 08:39:21, MOVE, v:1, k:toalha, mode:PICK
2025-10-04 08:39:25, MOVE, v:1, k:toalha, mode:BACK
2025-10-04 08:39:26, MOVE, v:1, k:toalha, mode:PICK
2025-10-04 08:39:27, EXEC, v:1, k:toalha, mode:FREE, size:41
2025-10-04 09:16:26, MOVE, v:1, k:toalha, mode:PICK
2025-10-04 09:16:27, EXEC, v:1, k:toalha, mode:LOCK, rate:0, size:43
2025-10-04 09:16:35, MOVE, v:1, k:toalha, mode:BACK
2025-10-04 09:16:36, MOVE, v:1, k:toalha, mode:PICK
2025-10-04 09:16:38, EXEC, v:1, k:toalha, mode:LOCK, rate:0
2025-10-04 09:18:01, EXEC, v:1, k:toalha, mode:FREE, size:50
2025-10-04 11:06:33, MOVE, v:1, k:enxugar, mode:PICK
2025-10-04 11:06:37, MOVE, v:1, k:enxugar, mode:BACK
2025-10-04 11:06:53, MOVE, v:1, k:enxugar, mode:PICK
2025-10-04 11:06:57, EXEC, v:1, k:enxugar, mode:FREE, size:52
2025-10-04 11:16:28, EXEC, v:1, k:enxugar, mode:FULL, rate:0, size:52
2025-10-04 11:16:41, EXEC, v:1, k:enxugar, mode:FULL, rate:0
2025-10-04 11:16:42, EXEC, v:1, k:enxugar, mode:FULL, rate:0
2025-10-04 11:16:42, EXEC, v:1, k:enxugar, mode:FREE
2025-10-04 11:19:11, EXEC, v:1, k:enxugar, mode:FULL, rate:0, size:52
2025-10-04 11:21:50, EXEC, v:1, k:enxugar, mode:FULL, rate:0, size:52
2025-10-04 11:21:53, EXEC, v:1, k:enxugar, mode:FREE
2025-10-04 11:33:39, MOVE, v:1, k:enxugar, mode:BACK
2025-10-04 11:38:20, MOVE, v:1, k:enxugar, mode:PICK
2025-10-04 11:38:22, EXEC, v:1, k:enxugar, mode:FULL, rate:0, size:53
2025-10-04 11:38:25, EXEC, v:1, k:enxugar, mode:FREE
2025-10-04 11:40:42, EXEC, v:1, k:enxugar, mode:FREE, size:54
2025-10-04 11:42:18, EXEC, v:1, k:enxugar, mode:FREE, size:54
2025-10-04 12:05:56, MOVE, v:1, k:enxugar, mode:BACK
2025-10-04 12:06:33, MOVE, v:1, k:enxugar, mode:PICK
2025-10-04 12:06:35, EXEC, v:1, k:enxugar, mode:FREE, size:53
2025-10-04 12:20:46, EXEC, v:1, k:enxugar, mode:FREE, size:53
2025-10-04 12:22:21, MOVE, v:1, k:enxugar, mode:BACK
2025-10-04 12:22:31, MOVE, v:1, k:enxugar, mode:PICK
2025-10-04 12:22:35, EXEC, v:1, k:enxugar, mode:FULL, rate:0
2025-10-04 12:22:52, EXEC, v:1, k:enxugar, mode:FULL, rate:0
2025-10-04 12:22:52, EXEC, v:1, k:enxugar, mode:FREE
2025-10-04 12:23:08, EXEC, v:1, k:enxugar, mode:FULL, rate:0
2025-10-04 12:23:32, EXEC, v:1, k:enxugar, mode:FREE, size:53
2025-10-04 12:23:47, EXEC, v:1, k:enxugar, mode:FULL, rate:0
2025-10-04 12:25:54, EXEC, v:1, k:enxugar, mode:FREE, size:53
2025-10-04 12:38:43, EXEC, v:1, k:enxugar, mode:FULL, rate:20, size:53
2025-10-04 12:42:35, EXEC, v:1, k:enxugar, mode:FULL, rate:0, size:54
2025-10-04 12:42:57, EXEC, v:1, k:enxugar, mode:FULL, rate:20, size:53
2025-10-04 12:44:20, MOVE, v:1, k:enxugar, mode:PICK
2025-10-04 12:44:22, EXEC, v:1, k:enxugar, mode:FREE
2025-10-04 12:44:41, EXEC, v:1, k:enxugar, mode:FREE
2025-10-04 12:45:10, EXEC, v:1, k:enxugar, mode:FREE
2025-10-04 12:45:18, EXEC, v:1, k:enxugar, mode:FULL, rate:20
2025-10-04 12:46:58, EXEC, v:1, k:enxugar, mode:FREE
2025-10-04 12:52:42, MOVE, v:1, k:enxugar, mode:BACK
2025-10-04 12:52:49, MOVE, v:1, k:enxugar, mode:PICK
2025-10-04 12:52:52, EXEC, v:1, k:enxugar, mode:FULL, rate:20, size:55
2025-10-04 12:55:26, EXEC, v:1, k:enxugar, mode:FREE, size:56
2025-10-04 13:01:56, EXEC, v:1, k:enxugar, mode:FREE, size:55
2025-10-04 13:02:39, EXEC, v:1, k:enxugar, mode:FULL, rate:30
2025-10-04 13:05:03, EXEC, v:1, k:enxugar, mode:FULL, rate:30, size:55
2025-10-04 13:05:13, EXEC, v:1, k:enxugar, mode:FREE
2025-10-04 13:08:45, EXEC, v:1, k:enxugar, mode:FULL, rate:30, size:56
2025-10-04 13:08:50, EXEC, v:1, k:enxugar, mode:FREE
2025-10-04 13:25:56, EXEC, v:1, k:enxugar, mode:FREE, size:58
2025-10-04 13:29:18, EXEC, v:1, k:enxugar, mode:FREE, size:58
2025-10-04 13:32:54, MOVE, v:1, k:enxugar, mode:BACK
2025-10-04 13:37:30, MOVE, v:1, k:enxugar, mode:PICK
2025-10-04 13:37:34, EXEC, v:1, k:enxugar, mode:FULL, rate:50, size:58
2025-10-04 13:37:42, EXEC, v:1, k:enxugar, mode:FULL, rate:50
2025-10-04 13:38:20, EXEC, v:1, k:enxugar, mode:FULL, rate:50
2025-10-04 13:38:20, EXEC, v:1, k:enxugar, mode:FREE
2025-10-04 13:39:24, EXEC, v:1, k:enxugar, mode:FULL, rate:50
2025-10-04 13:40:05, EXEC, v:1, k:enxugar, mode:FULL, rate:50
2025-10-04 13:40:22, MOVE, v:1, k:enxugar, mode:BACK
2025-10-04 13:40:22, MOVE, v:1, k:enxugar, mode:PICK
2025-10-04 13:40:23, MOVE, v:1, k:enxugar, mode:BACK
2025-10-04 13:40:30, MOVE, v:1, k:enxugar, mode:PICK
2025-10-04 13:40:34, EXEC, v:1, k:enxugar, mode:FULL, rate:50
2025-10-04 13:40:37, EXEC, v:1, k:enxugar, mode:FREE
2025-10-04 13:41:41, EXEC, v:1, k:enxugar, mode:FULL, rate:50
2025-10-04 13:46:27, EXEC, v:1, k:enxugar, mode:FULL, rate:50, size:57
2025-10-04 13:48:06, EXEC, v:1, k:enxugar, mode:FULL, rate:50
2025-10-04 13:48:06, EXEC, v:1, k:enxugar, mode:FREE
2025-10-04 14:01:28, EXEC, v:1, k:enxugar, mode:FREE, size:57
2025-10-04 14:04:20, EXEC, v:1, k:enxugar, mode:FULL, rate:50
2025-10-04 14:04:47, MOVE, v:1, k:enxugar, mode:BACK
2025-10-04 14:06:29, MOVE, v:1, k:enxugar, mode:PICK
2025-10-04 14:06:32, EXEC, v:1, k:enxugar, mode:FULL, rate:50
2025-10-04 14:07:11, EXEC, v:1, k:enxugar, mode:FREE, size:57
2025-10-04 14:24:16, EXEC, v:1, k:enxugar, mode:FULL, rate:50, size:57
2025-10-04 14:29:17, MOVE, v:1, k:enxugar, mode:BACK
2025-10-04 14:32:41, MOVE, v:1, k:animal, mode:PICK
2025-10-04 14:32:44, EXEC, v:1, k:animal, mode:FULL, rate:0, size:2
2025-10-04 15:26:28, MOVE, v:1, k:animal, mode:BACK
2025-10-04 15:26:57, MOVE, v:1, k:animal, mode:PICK
2025-10-04 15:26:59, EXEC, v:1, k:animal, mode:FULL, rate:0, size:25
2025-10-04 15:27:00, EXEC, v:1, k:animal, mode:FULL, rate:0
2025-10-04 15:36:18, MOVE, v:1, k:animal, mode:BACK
2025-10-04 15:37:10, MOVE, v:1, k:animal, mode:PICK
2025-10-04 15:37:11, EXEC, v:1, k:animal, mode:FULL, rate:0, size:31
2025-10-04 15:37:13, EXEC, v:1, k:animal, mode:FULL, rate:0
2025-10-04 15:38:39, EXEC, v:1, k:animal, mode:FREE, size:33
2025-10-04 15:39:26, EXEC, v:1, k:animal, mode:FULL, rate:0
2025-10-04 15:39:37, MOVE, v:1, k:animal, mode:BACK
2025-10-04 15:41:01, MOVE, v:1, k:animal, mode:PICK
2025-10-04 15:41:04, EXEC, v:1, k:animal, mode:FULL, rate:0, size:23
2025-10-04 15:41:04, EXEC, v:1, k:animal, mode:FREE
2025-10-04 15:41:54, MOVE, v:1, k:animal, mode:BACK
2025-10-04 15:42:37, MOVE, v:1, k:animal, mode:PICK
2025-10-04 16:23:05, EXEC, v:1, k:animal, mode:FREE, size:28
2025-10-04 16:23:14, MOVE, v:1, k:animal, mode:BACK
2025-10-04 16:23:19, MOVE, v:1, k:enxugar, mode:PICK
2025-10-04 16:23:33, EXEC, v:1, k:enxugar, mode:FULL, rate:50
2025-10-04 16:27:34, EXEC, v:1, k:enxugar, mode:FREE
2025-10-04 16:28:34, EXEC, v:1, k:enxugar, mode:FREE
2025-10-04 16:32:40, EXEC, v:1, k:enxugar, mode:FREE, size:58
2025-10-04 16:37:39, EXEC, v:1, k:enxugar, mode:FREE, size:58
2025-10-04 16:51:44, EXEC, v:1, k:enxugar, mode:FULL, rate:50, size:57
2025-10-04 16:53:10, EXEC, v:1, k:enxugar, mode:FREE, size:57
2025-10-04 16:54:24, EXEC, v:1, k:enxugar, mode:FULL, rate:50
2025-10-04 16:54:48, EXEC, v:1, k:enxugar, mode:FULL, rate:50
2025-10-04 16:54:52, MOVE, v:1, k:enxugar, mode:BACK
2025-10-04 16:56:14, MOVE, v:1, k:enxugar, mode:PICK
2025-10-04 16:56:17, EXEC, v:1, k:enxugar, mode:FULL, rate:50
2025-10-04 17:01:45, EXEC, v:1, k:enxugar, mode:FREE, size:57
2025-10-04 17:05:43, EXEC, v:1, k:enxugar, mode:FULL, rate:50, size:57
2025-10-04 17:17:44, EXEC, v:1, k:enxugar, mode:FULL, rate:0, size:58
2025-10-04 17:17:45, EXEC, v:1, k:enxugar, mode:FULL, rate:0
2025-10-04 17:18:09, EXEC, v:1, k:enxugar, mode:FREE
2025-10-04 17:20:46, EXEC, v:1, k:enxugar, mode:FULL, rate:50, size:58
2025-10-04 17:23:31, EXEC, v:1, k:enxugar, mode:FULL, rate:40, size:59
2025-10-04 17:23:36, EXEC, v:1, k:enxugar, mode:FREE
2025-10-04 17:24:37, EXEC, v:1, k:enxugar, mode:FULL, rate:40
2025-10-04 17:24:47, EXEC, v:1, k:enxugar, mode:FREE
2025-10-04 17:26:56, EXEC, v:1, k:enxugar, mode:FREE
2025-10-04 17:27:08, EXEC, v:1, k:enxugar, mode:FULL, rate:40
2025-10-04 17:27:25, MOVE, v:1, k:enxugar, mode:BACK
2025-10-04 17:28:18, MOVE, v:1, k:enxugar, mode:PICK
2025-10-04 17:28:21, EXEC, v:1, k:enxugar, mode:FULL, rate:40
2025-10-04 17:29:03, EXEC, v:1, k:enxugar, mode:FREE
2025-10-04 17:40:52, EXEC, v:1, k:enxugar, mode:FREE, size:59
2025-10-04 17:43:28, EXEC, v:1, k:enxugar, mode:FULL, rate:100, size:59
2025-10-04 17:44:24, MOVE, v:1, k:enxugar, mode:BACK
2025-10-04 17:52:15, MOVE, v:1, k:animal, mode:PICK
2025-10-04 17:52:24, MOVE, v:1, k:animal, mode:BACK
